total 2097348
drwxr-xr-x  25 root root       4096 Nov 17 04:07 .
drwxr-xr-x  25 root root       4096 Nov 17 04:07 ..
-rw-r--r--   1 root root          0 Sep 20  2021 .autorelabel
lrwxrwxrwx   1 root root          7 Sep  8  2020 bin -> usr/bin
drwxr-xr-x   4 root root       4096 Jan 25 05:37 boot
drwxrwxrwt   5 root root       4096 Nov 17 04:07 DATA
drwxr-xr-x  21 root root       4720 Jan 31 09:14 dev
drwxr-xr-x 158 root root      12288 Jan 24 05:37 etc
drwx------ 431 root root      12288 Dec 22 07:50 exam-snapshots
drwxr-xr-x   6 root root       4096 Feb 20  2023 home
lrwxrwxrwx   1 root root          7 Sep  8  2020 lib -> usr/lib
lrwxrwxrwx   1 root root          9 Sep  8  2020 lib32 -> usr/lib32
lrwxrwxrwx   1 root root          9 Sep  8  2020 lib64 -> usr/lib64
lrwxrwxrwx   1 root root         10 Sep  8  2020 libx32 -> usr/libx32
drwx------   2 root root      16384 Sep  8  2020 lost+found
drwxr-xr-x   3 root root       4096 Feb 22  2022 media
drwxr-xr-x   4 root root       4096 Nov 10 10:35 mirror
drwxr-xr-x   2 root root       4096 Sep  8  2020 mnt
drwxr-xr-x   7 root root       4096 Feb 28  2023 opt
dr-xr-xr-x 311 root root          0 Jan 31 09:13 proc
drwxr-xr-x   2 root root       4096 Sep  8  2020 resources
drwx------  13 root root      12288 Jan 31 10:23 root
drwxr-xr-x  38 root root       1180 Jan 31 10:01 run
lrwxrwxrwx   1 root root          8 Sep  8  2020 sbin -> usr/sbin
drwxr-xr-x  14 root root       4096 Sep  1 11:49 snap
drwxr-xr-x   2 root root      69632 Aug 23 14:33 snapshots
drwxr-xr-x   2 root root       4096 Sep  8  2020 srv
-rw-------   1 root root 2147483648 Jan 18 13:54 swapfile
dr-xr-xr-x  13 root root          0 Jan 31 09:13 sys
drwxrwxrwt  18 root root      12288 Jan 31 10:24 tmp
drwxr-xr-x  12 root root          0 Jan 31 09:54 users
drwxr-xr-x  14 root root       4096 Sep  8  2020 usr
drwxr-xr-x  14 root root       4096 Sep  8  2020 var
